[2021-01-25 17:26:46,763] {taskinstance.py:670} INFO - Dependencies all met for <TaskInstance: clean_data.read_data_search_request 2021-01-25T17:26:30.322116+00:00 [queued]>
[2021-01-25 17:26:46,794] {taskinstance.py:670} INFO - Dependencies all met for <TaskInstance: clean_data.read_data_search_request 2021-01-25T17:26:30.322116+00:00 [queued]>
[2021-01-25 17:26:46,795] {taskinstance.py:880} INFO - 
--------------------------------------------------------------------------------
[2021-01-25 17:26:46,795] {taskinstance.py:881} INFO - Starting attempt 1 of 2
[2021-01-25 17:26:46,795] {taskinstance.py:882} INFO - 
--------------------------------------------------------------------------------
[2021-01-25 17:26:46,833] {taskinstance.py:901} INFO - Executing <Task(SqliteOperator): read_data_search_request> on 2021-01-25T17:26:30.322116+00:00
[2021-01-25 17:26:46,837] {standard_task_runner.py:54} INFO - Started process 51755 to run task
[2021-01-25 17:26:46,866] {standard_task_runner.py:77} INFO - Running: ['airflow', 'run', 'clean_data', 'read_data_search_request', '2021-01-25T17:26:30.322116+00:00', '--job_id', '37', '--pool', 'default_pool', '--raw', '-sd', 'DAGS_FOLDER/data_clean.py', '--cfg_path', '/tmp/tmp9zdd6mx7']
[2021-01-25 17:26:46,869] {standard_task_runner.py:78} INFO - Job 37: Subtask read_data_search_request
[2021-01-25 17:26:46,945] {logging_mixin.py:112} INFO - Running %s on host %s <TaskInstance: clean_data.read_data_search_request 2021-01-25T17:26:30.322116+00:00 [running]> 3f8da9634a9c
[2021-01-25 17:26:46,983] {sqlite_operator.py:52} INFO - Executing: 
        select count(*)
        from search_request
    
[2021-01-25 17:26:46,998] {base_hook.py:89} INFO - Using connection to: id: sqlite_db. Host: /data/airflow.db, Port: None, Schema: None, Login: None, Password: None, extra: None
[2021-01-25 17:26:47,002] {dbapi_hook.py:171} INFO - 
        select count(*)
        from search_request
     with parameters []
[2021-01-25 17:26:47,026] {taskinstance.py:1070} INFO - Marking task as SUCCESS.dag_id=clean_data, task_id=read_data_search_request, execution_date=20210125T172630, start_date=20210125T172646, end_date=20210125T172647
[2021-01-25 17:26:51,758] {local_task_job.py:102} INFO - Task exited with return code 0
