[2021-01-25 17:45:43,392] {taskinstance.py:670} INFO - Dependencies all met for <TaskInstance: clean_data.read_data_search_request 2021-01-25T17:45:27.052464+00:00 [queued]>
[2021-01-25 17:45:43,541] {taskinstance.py:670} INFO - Dependencies all met for <TaskInstance: clean_data.read_data_search_request 2021-01-25T17:45:27.052464+00:00 [queued]>
[2021-01-25 17:45:43,573] {taskinstance.py:880} INFO - 
--------------------------------------------------------------------------------
[2021-01-25 17:45:43,574] {taskinstance.py:881} INFO - Starting attempt 1 of 2
[2021-01-25 17:45:43,575] {taskinstance.py:882} INFO - 
--------------------------------------------------------------------------------
[2021-01-25 17:45:43,639] {taskinstance.py:901} INFO - Executing <Task(SqliteOperator): read_data_search_request> on 2021-01-25T17:45:27.052464+00:00
[2021-01-25 17:45:43,644] {standard_task_runner.py:54} INFO - Started process 52344 to run task
[2021-01-25 17:45:43,833] {standard_task_runner.py:77} INFO - Running: ['airflow', 'run', 'clean_data', 'read_data_search_request', '2021-01-25T17:45:27.052464+00:00', '--job_id', '47', '--pool', 'default_pool', '--raw', '-sd', 'DAGS_FOLDER/data_clean.py', '--cfg_path', '/tmp/tmpbrexxyvc']
[2021-01-25 17:45:43,856] {standard_task_runner.py:78} INFO - Job 47: Subtask read_data_search_request
[2021-01-25 17:45:43,993] {logging_mixin.py:112} INFO - Running %s on host %s <TaskInstance: clean_data.read_data_search_request 2021-01-25T17:45:27.052464+00:00 [running]> 3f8da9634a9c
[2021-01-25 17:45:44,073] {sqlite_operator.py:52} INFO - Executing: 
        select count(*)
        from search_request
    
[2021-01-25 17:45:44,088] {base_hook.py:89} INFO - Using connection to: id: sqlite_db. Host: /data/airflow.db, Port: None, Schema: None, Login: None, Password: None, extra: None
[2021-01-25 17:45:44,092] {dbapi_hook.py:171} INFO - 
        select count(*)
        from search_request
     with parameters []
[2021-01-25 17:45:44,114] {taskinstance.py:1070} INFO - Marking task as SUCCESS.dag_id=clean_data, task_id=read_data_search_request, execution_date=20210125T174527, start_date=20210125T174543, end_date=20210125T174544
[2021-01-25 17:45:48,214] {local_task_job.py:102} INFO - Task exited with return code 0
