[2021-01-25 16:05:41,823] {taskinstance.py:670} INFO - Dependencies all met for <TaskInstance: clean_data.clean_data_search_request 2021-01-25T16:05:08.894595+00:00 [queued]>
[2021-01-25 16:05:41,868] {taskinstance.py:670} INFO - Dependencies all met for <TaskInstance: clean_data.clean_data_search_request 2021-01-25T16:05:08.894595+00:00 [queued]>
[2021-01-25 16:05:41,869] {taskinstance.py:880} INFO - 
--------------------------------------------------------------------------------
[2021-01-25 16:05:41,869] {taskinstance.py:881} INFO - Starting attempt 1 of 2
[2021-01-25 16:05:41,870] {taskinstance.py:882} INFO - 
--------------------------------------------------------------------------------
[2021-01-25 16:05:41,918] {taskinstance.py:901} INFO - Executing <Task(PythonOperator): clean_data_search_request> on 2021-01-25T16:05:08.894595+00:00
[2021-01-25 16:05:41,922] {standard_task_runner.py:54} INFO - Started process 49296 to run task
[2021-01-25 16:05:41,955] {standard_task_runner.py:77} INFO - Running: ['airflow', 'run', 'clean_data', 'clean_data_search_request', '2021-01-25T16:05:08.894595+00:00', '--job_id', '23', '--pool', 'default_pool', '--raw', '-sd', 'DAGS_FOLDER/data_clean.py', '--cfg_path', '/tmp/tmp00qvpgse']
[2021-01-25 16:05:41,959] {standard_task_runner.py:78} INFO - Job 23: Subtask clean_data_search_request
[2021-01-25 16:05:42,029] {logging_mixin.py:112} INFO - Running %s on host %s <TaskInstance: clean_data.clean_data_search_request 2021-01-25T16:05:08.894595+00:00 [running]> 3f8da9634a9c
[2021-01-25 16:05:42,730] {logging_mixin.py:112} INFO -                  search_id          search_query  ...       cuid    total
0     gSogzavY5nP7fCLEtWdc                  wyrm  ...    1259928       86
1     LJVevlnG6YSz8hWRzGAu  can you read my lips  ...   95330844      142
2     HcDHbnD7ltPkAiz5WzV3           brotherhood  ...  387121055     9101
3     gMcLq136RLayGwcTAaWC                 space  ...  126560490   516935
4     OZ5zcPalXTnl9F2aILNJ                titles  ...   67184974   161300
...                    ...                   ...  ...        ...      ...
2589  zZha80ZTzAtQB0bhHS9l                 music  ...  419971842  3430150
2590  qt85Yr41ROpIopQ68ARq              pov sxsw  ...  443820960       32
2591  kB2nE8MdhfgUXzSxl1dU          josh hayward  ...  172655391     4973
2592  kt8YJo8tTWWEPHH0ZRr5              backyard  ...  192952806    61686
2593  GAO2ytuvLksGctj6ApA3     forest projection  ...  473070848      444

[2494 rows x 5 columns]
[2021-01-25 16:05:42,931] {python_operator.py:114} INFO - Done. Returned value was: None
[2021-01-25 16:05:42,949] {taskinstance.py:1070} INFO - Marking task as SUCCESS.dag_id=clean_data, task_id=clean_data_search_request, execution_date=20210125T160508, start_date=20210125T160541, end_date=20210125T160542
[2021-01-25 16:05:46,764] {local_task_job.py:102} INFO - Task exited with return code 0
