[2021-01-25 16:05:34,063] {taskinstance.py:670} INFO - Dependencies all met for <TaskInstance: clean_data.read_data_search_result_interaction 2021-01-25T16:05:08.894595+00:00 [queued]>
[2021-01-25 16:05:34,115] {taskinstance.py:670} INFO - Dependencies all met for <TaskInstance: clean_data.read_data_search_result_interaction 2021-01-25T16:05:08.894595+00:00 [queued]>
[2021-01-25 16:05:34,116] {taskinstance.py:880} INFO - 
--------------------------------------------------------------------------------
[2021-01-25 16:05:34,117] {taskinstance.py:881} INFO - Starting attempt 1 of 2
[2021-01-25 16:05:34,117] {taskinstance.py:882} INFO - 
--------------------------------------------------------------------------------
[2021-01-25 16:05:34,176] {taskinstance.py:901} INFO - Executing <Task(SqliteOperator): read_data_search_result_interaction> on 2021-01-25T16:05:08.894595+00:00
[2021-01-25 16:05:34,183] {standard_task_runner.py:54} INFO - Started process 49290 to run task
[2021-01-25 16:05:34,226] {standard_task_runner.py:77} INFO - Running: ['airflow', 'run', 'clean_data', 'read_data_search_result_interaction', '2021-01-25T16:05:08.894595+00:00', '--job_id', '22', '--pool', 'default_pool', '--raw', '-sd', 'DAGS_FOLDER/data_clean.py', '--cfg_path', '/tmp/tmpe1i0a44r']
[2021-01-25 16:05:34,232] {standard_task_runner.py:78} INFO - Job 22: Subtask read_data_search_result_interaction
[2021-01-25 16:05:34,328] {logging_mixin.py:112} INFO - Running %s on host %s <TaskInstance: clean_data.read_data_search_result_interaction 2021-01-25T16:05:08.894595+00:00 [running]> 3f8da9634a9c
[2021-01-25 16:05:34,365] {sqlite_operator.py:52} INFO - Executing: 
        select count(*)
        from search_result_interaction
    
[2021-01-25 16:05:34,381] {base_hook.py:89} INFO - Using connection to: id: sqlite_db. Host: /data/airflow.db, Port: None, Schema: None, Login: None, Password: None, extra: None
[2021-01-25 16:05:34,385] {dbapi_hook.py:171} INFO - 
        select count(*)
        from search_result_interaction
     with parameters []
[2021-01-25 16:05:34,422] {taskinstance.py:1070} INFO - Marking task as SUCCESS.dag_id=clean_data, task_id=read_data_search_result_interaction, execution_date=20210125T160508, start_date=20210125T160534, end_date=20210125T160534
[2021-01-25 16:05:39,031] {local_task_job.py:102} INFO - Task exited with return code 0
