[2021-01-25 17:26:54,595] {taskinstance.py:670} INFO - Dependencies all met for <TaskInstance: clean_data.read_data_search_result_interaction 2021-01-25T17:26:30.322116+00:00 [queued]>
[2021-01-25 17:26:54,633] {taskinstance.py:670} INFO - Dependencies all met for <TaskInstance: clean_data.read_data_search_result_interaction 2021-01-25T17:26:30.322116+00:00 [queued]>
[2021-01-25 17:26:54,634] {taskinstance.py:880} INFO - 
--------------------------------------------------------------------------------
[2021-01-25 17:26:54,634] {taskinstance.py:881} INFO - Starting attempt 1 of 2
[2021-01-25 17:26:54,635] {taskinstance.py:882} INFO - 
--------------------------------------------------------------------------------
[2021-01-25 17:26:54,690] {taskinstance.py:901} INFO - Executing <Task(SqliteOperator): read_data_search_result_interaction> on 2021-01-25T17:26:30.322116+00:00
[2021-01-25 17:26:54,694] {standard_task_runner.py:54} INFO - Started process 51761 to run task
[2021-01-25 17:26:54,722] {standard_task_runner.py:77} INFO - Running: ['airflow', 'run', 'clean_data', 'read_data_search_result_interaction', '2021-01-25T17:26:30.322116+00:00', '--job_id', '38', '--pool', 'default_pool', '--raw', '-sd', 'DAGS_FOLDER/data_clean.py', '--cfg_path', '/tmp/tmp3pnchcre']
[2021-01-25 17:26:54,725] {standard_task_runner.py:78} INFO - Job 38: Subtask read_data_search_result_interaction
[2021-01-25 17:26:54,806] {logging_mixin.py:112} INFO - Running %s on host %s <TaskInstance: clean_data.read_data_search_result_interaction 2021-01-25T17:26:30.322116+00:00 [running]> 3f8da9634a9c
[2021-01-25 17:26:54,847] {sqlite_operator.py:52} INFO - Executing: 
        select count(*)
        from search_result_interaction
    
[2021-01-25 17:26:54,865] {base_hook.py:89} INFO - Using connection to: id: sqlite_db. Host: /data/airflow.db, Port: None, Schema: None, Login: None, Password: None, extra: None
[2021-01-25 17:26:54,869] {dbapi_hook.py:171} INFO - 
        select count(*)
        from search_result_interaction
     with parameters []
[2021-01-25 17:26:54,897] {taskinstance.py:1070} INFO - Marking task as SUCCESS.dag_id=clean_data, task_id=read_data_search_result_interaction, execution_date=20210125T172630, start_date=20210125T172654, end_date=20210125T172654
[2021-01-25 17:26:59,523] {local_task_job.py:102} INFO - Task exited with return code 0
