[2021-01-25 16:57:34,971] {taskinstance.py:670} INFO - Dependencies all met for <TaskInstance: clean_data.read_data_search_request 2021-01-25T16:57:17.466260+00:00 [queued]>
[2021-01-25 16:57:35,010] {taskinstance.py:670} INFO - Dependencies all met for <TaskInstance: clean_data.read_data_search_request 2021-01-25T16:57:17.466260+00:00 [queued]>
[2021-01-25 16:57:35,011] {taskinstance.py:880} INFO - 
--------------------------------------------------------------------------------
[2021-01-25 16:57:35,012] {taskinstance.py:881} INFO - Starting attempt 1 of 2
[2021-01-25 16:57:35,012] {taskinstance.py:882} INFO - 
--------------------------------------------------------------------------------
[2021-01-25 16:57:35,058] {taskinstance.py:901} INFO - Executing <Task(SqliteOperator): read_data_search_request> on 2021-01-25T16:57:17.466260+00:00
[2021-01-25 16:57:35,065] {standard_task_runner.py:54} INFO - Started process 50855 to run task
[2021-01-25 16:57:35,097] {standard_task_runner.py:77} INFO - Running: ['airflow', 'run', 'clean_data', 'read_data_search_request', '2021-01-25T16:57:17.466260+00:00', '--job_id', '26', '--pool', 'default_pool', '--raw', '-sd', 'DAGS_FOLDER/data_clean.py', '--cfg_path', '/tmp/tmplo05hzh5']
[2021-01-25 16:57:35,101] {standard_task_runner.py:78} INFO - Job 26: Subtask read_data_search_request
[2021-01-25 16:57:35,182] {logging_mixin.py:112} INFO - Running %s on host %s <TaskInstance: clean_data.read_data_search_request 2021-01-25T16:57:17.466260+00:00 [running]> 3f8da9634a9c
[2021-01-25 16:57:35,228] {sqlite_operator.py:52} INFO - Executing: 
        select count(*)
        from search_request
    
[2021-01-25 16:57:35,248] {base_hook.py:89} INFO - Using connection to: id: sqlite_db. Host: /data/airflow.db, Port: None, Schema: None, Login: None, Password: None, extra: None
[2021-01-25 16:57:35,254] {dbapi_hook.py:171} INFO - 
        select count(*)
        from search_request
     with parameters []
[2021-01-25 16:57:35,287] {taskinstance.py:1070} INFO - Marking task as SUCCESS.dag_id=clean_data, task_id=read_data_search_request, execution_date=20210125T165717, start_date=20210125T165734, end_date=20210125T165735
[2021-01-25 16:57:39,947] {local_task_job.py:102} INFO - Task exited with return code 0
