[2021-01-21 20:19:19,695] {taskinstance.py:670} INFO - Dependencies all met for <TaskInstance: clean_data.read_data_search_request 2021-01-21T20:19:01.193746+00:00 [queued]>
[2021-01-21 20:19:19,756] {taskinstance.py:670} INFO - Dependencies all met for <TaskInstance: clean_data.read_data_search_request 2021-01-21T20:19:01.193746+00:00 [queued]>
[2021-01-21 20:19:19,757] {taskinstance.py:880} INFO - 
--------------------------------------------------------------------------------
[2021-01-21 20:19:19,758] {taskinstance.py:881} INFO - Starting attempt 1 of 2
[2021-01-21 20:19:19,758] {taskinstance.py:882} INFO - 
--------------------------------------------------------------------------------
[2021-01-21 20:19:19,811] {taskinstance.py:901} INFO - Executing <Task(SqliteOperator): read_data_search_request> on 2021-01-21T20:19:01.193746+00:00
[2021-01-21 20:19:19,815] {standard_task_runner.py:54} INFO - Started process 293 to run task
[2021-01-21 20:19:19,850] {standard_task_runner.py:77} INFO - Running: ['airflow', 'run', 'clean_data', 'read_data_search_request', '2021-01-21T20:19:01.193746+00:00', '--job_id', '4', '--pool', 'default_pool', '--raw', '-sd', 'DAGS_FOLDER/data_clean.py', '--cfg_path', '/tmp/tmpzi8a0cij']
[2021-01-21 20:19:19,858] {standard_task_runner.py:78} INFO - Job 4: Subtask read_data_search_request
[2021-01-21 20:19:19,990] {logging_mixin.py:112} INFO - Running %s on host %s <TaskInstance: clean_data.read_data_search_request 2021-01-21T20:19:01.193746+00:00 [running]> 3f8da9634a9c
[2021-01-21 20:19:20,034] {sqlite_operator.py:52} INFO - Executing: 
        select count(*)
        from search_request
    
[2021-01-21 20:19:20,056] {base_hook.py:89} INFO - Using connection to: id: sqlite_db. Host: /data/airflow.db, Port: None, Schema: None, Login: None, Password: None, extra: None
[2021-01-21 20:19:20,064] {dbapi_hook.py:171} INFO - 
        select count(*)
        from search_request
     with parameters []
[2021-01-21 20:19:20,102] {taskinstance.py:1070} INFO - Marking task as SUCCESS.dag_id=clean_data, task_id=read_data_search_request, execution_date=20210121T201901, start_date=20210121T201919, end_date=20210121T201920
[2021-01-21 20:19:24,579] {local_task_job.py:102} INFO - Task exited with return code 0
