[2021-01-25 15:52:22,712] {taskinstance.py:670} INFO - Dependencies all met for <TaskInstance: clean_data.read_data_search_result_interaction 2021-01-25T15:51:59.061873+00:00 [queued]>
[2021-01-25 15:52:22,749] {taskinstance.py:670} INFO - Dependencies all met for <TaskInstance: clean_data.read_data_search_result_interaction 2021-01-25T15:51:59.061873+00:00 [queued]>
[2021-01-25 15:52:22,750] {taskinstance.py:880} INFO - 
--------------------------------------------------------------------------------
[2021-01-25 15:52:22,751] {taskinstance.py:881} INFO - Starting attempt 1 of 2
[2021-01-25 15:52:22,752] {taskinstance.py:882} INFO - 
--------------------------------------------------------------------------------
[2021-01-25 15:52:22,825] {taskinstance.py:901} INFO - Executing <Task(SqliteOperator): read_data_search_result_interaction> on 2021-01-25T15:51:59.061873+00:00
[2021-01-25 15:52:22,829] {standard_task_runner.py:54} INFO - Started process 48885 to run task
[2021-01-25 15:52:22,874] {standard_task_runner.py:77} INFO - Running: ['airflow', 'run', 'clean_data', 'read_data_search_result_interaction', '2021-01-25T15:51:59.061873+00:00', '--job_id', '17', '--pool', 'default_pool', '--raw', '-sd', 'DAGS_FOLDER/data_clean.py', '--cfg_path', '/tmp/tmpb39295o0']
[2021-01-25 15:52:22,878] {standard_task_runner.py:78} INFO - Job 17: Subtask read_data_search_result_interaction
[2021-01-25 15:52:22,978] {logging_mixin.py:112} INFO - Running %s on host %s <TaskInstance: clean_data.read_data_search_result_interaction 2021-01-25T15:51:59.061873+00:00 [running]> 3f8da9634a9c
[2021-01-25 15:52:23,034] {sqlite_operator.py:52} INFO - Executing: 
        select count(*)
        from search_result_interaction
    
[2021-01-25 15:52:23,057] {base_hook.py:89} INFO - Using connection to: id: sqlite_db. Host: /data/airflow.db, Port: None, Schema: None, Login: None, Password: None, extra: None
[2021-01-25 15:52:23,061] {dbapi_hook.py:171} INFO - 
        select count(*)
        from search_result_interaction
     with parameters []
[2021-01-25 15:52:23,095] {taskinstance.py:1070} INFO - Marking task as SUCCESS.dag_id=clean_data, task_id=read_data_search_result_interaction, execution_date=20210125T155159, start_date=20210125T155222, end_date=20210125T155223
[2021-01-25 15:52:27,662] {local_task_job.py:102} INFO - Task exited with return code 0
