[2021-01-25 21:20:32,222] {taskinstance.py:670} INFO - Dependencies all met for <TaskInstance: clean_data.read_data_search_result_interaction 2021-01-25T21:20:07.801920+00:00 [queued]>
[2021-01-25 21:20:32,272] {taskinstance.py:670} INFO - Dependencies all met for <TaskInstance: clean_data.read_data_search_result_interaction 2021-01-25T21:20:07.801920+00:00 [queued]>
[2021-01-25 21:20:32,273] {taskinstance.py:880} INFO - 
--------------------------------------------------------------------------------
[2021-01-25 21:20:32,273] {taskinstance.py:881} INFO - Starting attempt 1 of 2
[2021-01-25 21:20:32,274] {taskinstance.py:882} INFO - 
--------------------------------------------------------------------------------
[2021-01-25 21:20:32,320] {taskinstance.py:901} INFO - Executing <Task(SqliteOperator): read_data_search_result_interaction> on 2021-01-25T21:20:07.801920+00:00
[2021-01-25 21:20:32,326] {standard_task_runner.py:54} INFO - Started process 58796 to run task
[2021-01-25 21:20:32,367] {standard_task_runner.py:77} INFO - Running: ['airflow', 'run', 'clean_data', 'read_data_search_result_interaction', '2021-01-25T21:20:07.801920+00:00', '--job_id', '58', '--pool', 'default_pool', '--raw', '-sd', 'DAGS_FOLDER/data_clean.py', '--cfg_path', '/tmp/tmpwx4uugjx']
[2021-01-25 21:20:32,371] {standard_task_runner.py:78} INFO - Job 58: Subtask read_data_search_result_interaction
[2021-01-25 21:20:32,444] {logging_mixin.py:112} INFO - Running %s on host %s <TaskInstance: clean_data.read_data_search_result_interaction 2021-01-25T21:20:07.801920+00:00 [running]> 3f8da9634a9c
[2021-01-25 21:20:32,483] {sqlite_operator.py:52} INFO - Executing: 
        select count(*)
        from search_result_interaction
    
[2021-01-25 21:20:32,501] {base_hook.py:89} INFO - Using connection to: id: sqlite_db. Host: /data/airflow.db, Port: None, Schema: None, Login: None, Password: None, extra: None
[2021-01-25 21:20:32,505] {dbapi_hook.py:171} INFO - 
        select count(*)
        from search_result_interaction
     with parameters []
[2021-01-25 21:20:32,527] {taskinstance.py:1070} INFO - Marking task as SUCCESS.dag_id=clean_data, task_id=read_data_search_result_interaction, execution_date=20210125T212007, start_date=20210125T212032, end_date=20210125T212032
[2021-01-25 21:20:37,178] {local_task_job.py:102} INFO - Task exited with return code 0
