[2021-01-25 16:05:50,073] {taskinstance.py:670} INFO - Dependencies all met for <TaskInstance: clean_data.clean_data_search_result_interaction 2021-01-25T16:05:08.894595+00:00 [queued]>
[2021-01-25 16:05:50,112] {taskinstance.py:670} INFO - Dependencies all met for <TaskInstance: clean_data.clean_data_search_result_interaction 2021-01-25T16:05:08.894595+00:00 [queued]>
[2021-01-25 16:05:50,113] {taskinstance.py:880} INFO - 
--------------------------------------------------------------------------------
[2021-01-25 16:05:50,114] {taskinstance.py:881} INFO - Starting attempt 1 of 2
[2021-01-25 16:05:50,115] {taskinstance.py:882} INFO - 
--------------------------------------------------------------------------------
[2021-01-25 16:05:50,174] {taskinstance.py:901} INFO - Executing <Task(PythonOperator): clean_data_search_result_interaction> on 2021-01-25T16:05:08.894595+00:00
[2021-01-25 16:05:50,178] {standard_task_runner.py:54} INFO - Started process 49302 to run task
[2021-01-25 16:05:50,206] {standard_task_runner.py:77} INFO - Running: ['airflow', 'run', 'clean_data', 'clean_data_search_result_interaction', '2021-01-25T16:05:08.894595+00:00', '--job_id', '24', '--pool', 'default_pool', '--raw', '-sd', 'DAGS_FOLDER/data_clean.py', '--cfg_path', '/tmp/tmp0hzp5mi8']
[2021-01-25 16:05:50,210] {standard_task_runner.py:78} INFO - Job 24: Subtask clean_data_search_result_interaction
[2021-01-25 16:05:50,290] {logging_mixin.py:112} INFO - Running %s on host %s <TaskInstance: clean_data.clean_data_search_result_interaction 2021-01-25T16:05:08.894595+00:00 [running]> 3f8da9634a9c
[2021-01-25 16:05:50,773] {logging_mixin.py:112} INFO -       Unnamed: 0             search_id  ...        cid position
0              0  gSogzavY5nP7fCLEtWdc  ...  330788645        1
1              1  LJVevlnG6YSz8hWRzGAu  ...  148127830        1
2              2  HcDHbnD7ltPkAiz5WzV3  ...  363649438        1
3              6  6PlHuca34hz4Tcnd8DzQ  ...  318824416        1
4              7  m5qHM7T5fnkJOSWCYxS7  ...  267331356        4
...          ...                   ...  ...        ...      ...
1659        2586  CoGyCEcdtSfGhyZ2Brbj  ...  272976101        1
1660        2590  qt85Yr41ROpIopQ68ARq  ...   90068717        4
1661        2591  kB2nE8MdhfgUXzSxl1dU  ...  235491682        6
1662        2592  kt8YJo8tTWWEPHH0ZRr5  ...   10105477        4
1663        2593  GAO2ytuvLksGctj6ApA3  ...  115082758        1

[1664 rows x 9 columns]
[2021-01-25 16:05:50,777] {logging_mixin.py:112} WARNING - /home/airflow/.local/lib/python3.6/site-packages/pandas/core/generic.py:2612: UserWarning: The spaces in these column names will not be changed. In pandas versions < 0.14, spaces were converted to underscores.
  method=method,
[2021-01-25 16:05:50,932] {python_operator.py:114} INFO - Done. Returned value was: None
[2021-01-25 16:05:50,945] {taskinstance.py:1070} INFO - Marking task as SUCCESS.dag_id=clean_data, task_id=clean_data_search_result_interaction, execution_date=20210125T160508, start_date=20210125T160550, end_date=20210125T160550
[2021-01-25 16:05:55,017] {local_task_job.py:102} INFO - Task exited with return code 0
