[2021-01-25 21:20:24,615] {taskinstance.py:670} INFO - Dependencies all met for <TaskInstance: clean_data.read_data_search_request 2021-01-25T21:20:07.801920+00:00 [queued]>
[2021-01-25 21:20:24,655] {taskinstance.py:670} INFO - Dependencies all met for <TaskInstance: clean_data.read_data_search_request 2021-01-25T21:20:07.801920+00:00 [queued]>
[2021-01-25 21:20:24,657] {taskinstance.py:880} INFO - 
--------------------------------------------------------------------------------
[2021-01-25 21:20:24,657] {taskinstance.py:881} INFO - Starting attempt 1 of 2
[2021-01-25 21:20:24,658] {taskinstance.py:882} INFO - 
--------------------------------------------------------------------------------
[2021-01-25 21:20:24,713] {taskinstance.py:901} INFO - Executing <Task(SqliteOperator): read_data_search_request> on 2021-01-25T21:20:07.801920+00:00
[2021-01-25 21:20:24,720] {standard_task_runner.py:54} INFO - Started process 58790 to run task
[2021-01-25 21:20:24,759] {standard_task_runner.py:77} INFO - Running: ['airflow', 'run', 'clean_data', 'read_data_search_request', '2021-01-25T21:20:07.801920+00:00', '--job_id', '57', '--pool', 'default_pool', '--raw', '-sd', 'DAGS_FOLDER/data_clean.py', '--cfg_path', '/tmp/tmp7zty0v74']
[2021-01-25 21:20:24,762] {standard_task_runner.py:78} INFO - Job 57: Subtask read_data_search_request
[2021-01-25 21:20:24,841] {logging_mixin.py:112} INFO - Running %s on host %s <TaskInstance: clean_data.read_data_search_request 2021-01-25T21:20:07.801920+00:00 [running]> 3f8da9634a9c
[2021-01-25 21:20:24,879] {sqlite_operator.py:52} INFO - Executing: 
        select count(*)
        from search_request
    
[2021-01-25 21:20:24,898] {base_hook.py:89} INFO - Using connection to: id: sqlite_db. Host: /data/airflow.db, Port: None, Schema: None, Login: None, Password: None, extra: None
[2021-01-25 21:20:24,903] {dbapi_hook.py:171} INFO - 
        select count(*)
        from search_request
     with parameters []
[2021-01-25 21:20:24,930] {taskinstance.py:1070} INFO - Marking task as SUCCESS.dag_id=clean_data, task_id=read_data_search_request, execution_date=20210125T212007, start_date=20210125T212024, end_date=20210125T212024
[2021-01-25 21:20:29,571] {local_task_job.py:102} INFO - Task exited with return code 0
