[2021-01-25 18:02:39,023] {taskinstance.py:670} INFO - Dependencies all met for <TaskInstance: clean_data.read_data_search_result_interaction 2021-01-25T18:02:10.449183+00:00 [queued]>
[2021-01-25 18:02:39,056] {taskinstance.py:670} INFO - Dependencies all met for <TaskInstance: clean_data.read_data_search_result_interaction 2021-01-25T18:02:10.449183+00:00 [queued]>
[2021-01-25 18:02:39,057] {taskinstance.py:880} INFO - 
--------------------------------------------------------------------------------
[2021-01-25 18:02:39,058] {taskinstance.py:881} INFO - Starting attempt 1 of 2
[2021-01-25 18:02:39,058] {taskinstance.py:882} INFO - 
--------------------------------------------------------------------------------
[2021-01-25 18:02:39,099] {taskinstance.py:901} INFO - Executing <Task(SqliteOperator): read_data_search_result_interaction> on 2021-01-25T18:02:10.449183+00:00
[2021-01-25 18:02:39,103] {standard_task_runner.py:54} INFO - Started process 52862 to run task
[2021-01-25 18:02:39,147] {standard_task_runner.py:77} INFO - Running: ['airflow', 'run', 'clean_data', 'read_data_search_result_interaction', '2021-01-25T18:02:10.449183+00:00', '--job_id', '53', '--pool', 'default_pool', '--raw', '-sd', 'DAGS_FOLDER/data_clean.py', '--cfg_path', '/tmp/tmp4qj4yqke']
[2021-01-25 18:02:39,150] {standard_task_runner.py:78} INFO - Job 53: Subtask read_data_search_result_interaction
[2021-01-25 18:02:39,213] {logging_mixin.py:112} INFO - Running %s on host %s <TaskInstance: clean_data.read_data_search_result_interaction 2021-01-25T18:02:10.449183+00:00 [running]> 3f8da9634a9c
[2021-01-25 18:02:39,255] {sqlite_operator.py:52} INFO - Executing: 
        select count(*)
        from search_result_interaction
    
[2021-01-25 18:02:39,267] {base_hook.py:89} INFO - Using connection to: id: sqlite_db. Host: /data/airflow.db, Port: None, Schema: None, Login: None, Password: None, extra: None
[2021-01-25 18:02:39,269] {dbapi_hook.py:171} INFO - 
        select count(*)
        from search_result_interaction
     with parameters []
[2021-01-25 18:02:39,293] {taskinstance.py:1070} INFO - Marking task as SUCCESS.dag_id=clean_data, task_id=read_data_search_result_interaction, execution_date=20210125T180210, start_date=20210125T180239, end_date=20210125T180239
[2021-01-25 18:02:44,004] {local_task_job.py:102} INFO - Task exited with return code 0
